[2022-11-26 22:05:14Z INFO HostContext] No proxy settings were found based on environmental variables (http_proxy/https_proxy/HTTP_PROXY/HTTPS_PROXY)
[2022-11-26 22:05:14Z INFO HostContext] Well known directory 'Bin': '/Users/vaibhavthapliyal/Desktop/Project/order_sys/actions-runner/bin'
[2022-11-26 22:05:14Z INFO HostContext] Well known directory 'Root': '/Users/vaibhavthapliyal/Desktop/Project/order_sys/actions-runner'
[2022-11-26 22:05:14Z INFO HostContext] Well known config file 'Credentials': '/Users/vaibhavthapliyal/Desktop/Project/order_sys/actions-runner/.credentials'
[2022-11-26 22:05:14Z INFO HostContext] Well known directory 'Bin': '/Users/vaibhavthapliyal/Desktop/Project/order_sys/actions-runner/bin'
[2022-11-26 22:05:14Z INFO HostContext] Well known directory 'Root': '/Users/vaibhavthapliyal/Desktop/Project/order_sys/actions-runner'
[2022-11-26 22:05:14Z INFO HostContext] Well known config file 'Runner': '/Users/vaibhavthapliyal/Desktop/Project/order_sys/actions-runner/.runner'
[2022-11-26 22:05:14Z INFO Listener] Runner is built for OSX (X64) - osx-x64.
[2022-11-26 22:05:14Z INFO Listener] RuntimeInformation: Darwin 22.1.0 Darwin Kernel Version 22.1.0: Sun Oct  9 20:15:09 PDT 2022; root:xnu-8792.41.9~2/RELEASE_ARM64_T6000.
[2022-11-26 22:05:15Z INFO Listener] Version: 2.299.1
[2022-11-26 22:05:15Z INFO Listener] Commit: 2e44f985bd9bf890dc061e654f6a850c6f1249cf
[2022-11-26 22:05:15Z INFO Listener] Culture: en-GB
[2022-11-26 22:05:15Z INFO Listener] UI Culture: en-GB
[2022-11-26 22:05:15Z INFO HostContext] Well known directory 'Bin': '/Users/vaibhavthapliyal/Desktop/Project/order_sys/actions-runner/bin'
[2022-11-26 22:05:15Z INFO HostContext] Well known directory 'Root': '/Users/vaibhavthapliyal/Desktop/Project/order_sys/actions-runner'
[2022-11-26 22:05:15Z INFO Listener] Validating directory permissions for: '/Users/vaibhavthapliyal/Desktop/Project/order_sys/actions-runner'
[2022-11-26 22:05:15Z INFO CommandLineParser] Parse
[2022-11-26 22:05:15Z INFO CommandLineParser] Parsing 1 args
[2022-11-26 22:05:15Z INFO CommandLineParser] parsing argument
[2022-11-26 22:05:15Z INFO CommandLineParser] HasArgs: False
[2022-11-26 22:05:15Z INFO CommandLineParser] Adding Command: run
[2022-11-26 22:05:15Z INFO Listener] Arguments parsed
[2022-11-26 22:05:15Z INFO Runner] ExecuteCommand
[2022-11-26 22:05:15Z INFO ConfigurationStore] currentAssemblyLocation: /Users/vaibhavthapliyal/Desktop/Project/order_sys/actions-runner/bin/Runner.Listener.dll
[2022-11-26 22:05:15Z INFO HostContext] Well known directory 'Bin': '/Users/vaibhavthapliyal/Desktop/Project/order_sys/actions-runner/bin'
[2022-11-26 22:05:15Z INFO ConfigurationStore] binPath: /Users/vaibhavthapliyal/Desktop/Project/order_sys/actions-runner/bin
[2022-11-26 22:05:15Z INFO HostContext] Well known directory 'Bin': '/Users/vaibhavthapliyal/Desktop/Project/order_sys/actions-runner/bin'
[2022-11-26 22:05:15Z INFO HostContext] Well known directory 'Root': '/Users/vaibhavthapliyal/Desktop/Project/order_sys/actions-runner'
[2022-11-26 22:05:15Z INFO ConfigurationStore] RootFolder: /Users/vaibhavthapliyal/Desktop/Project/order_sys/actions-runner
[2022-11-26 22:05:15Z INFO HostContext] Well known directory 'Bin': '/Users/vaibhavthapliyal/Desktop/Project/order_sys/actions-runner/bin'
[2022-11-26 22:05:15Z INFO HostContext] Well known directory 'Root': '/Users/vaibhavthapliyal/Desktop/Project/order_sys/actions-runner'
[2022-11-26 22:05:15Z INFO HostContext] Well known config file 'Runner': '/Users/vaibhavthapliyal/Desktop/Project/order_sys/actions-runner/.runner'
[2022-11-26 22:05:15Z INFO ConfigurationStore] ConfigFilePath: /Users/vaibhavthapliyal/Desktop/Project/order_sys/actions-runner/.runner
[2022-11-26 22:05:15Z INFO HostContext] Well known directory 'Bin': '/Users/vaibhavthapliyal/Desktop/Project/order_sys/actions-runner/bin'
[2022-11-26 22:05:15Z INFO HostContext] Well known directory 'Root': '/Users/vaibhavthapliyal/Desktop/Project/order_sys/actions-runner'
[2022-11-26 22:05:15Z INFO HostContext] Well known config file 'Credentials': '/Users/vaibhavthapliyal/Desktop/Project/order_sys/actions-runner/.credentials'
[2022-11-26 22:05:15Z INFO ConfigurationStore] CredFilePath: /Users/vaibhavthapliyal/Desktop/Project/order_sys/actions-runner/.credentials
[2022-11-26 22:05:15Z INFO HostContext] Well known directory 'Bin': '/Users/vaibhavthapliyal/Desktop/Project/order_sys/actions-runner/bin'
[2022-11-26 22:05:15Z INFO HostContext] Well known directory 'Root': '/Users/vaibhavthapliyal/Desktop/Project/order_sys/actions-runner'
[2022-11-26 22:05:15Z INFO HostContext] Well known config file 'MigratedCredentials': '/Users/vaibhavthapliyal/Desktop/Project/order_sys/actions-runner/.credentials_migrated'
[2022-11-26 22:05:15Z INFO ConfigurationStore] MigratedCredFilePath: /Users/vaibhavthapliyal/Desktop/Project/order_sys/actions-runner/.credentials_migrated
[2022-11-26 22:05:15Z INFO HostContext] Well known directory 'Bin': '/Users/vaibhavthapliyal/Desktop/Project/order_sys/actions-runner/bin'
[2022-11-26 22:05:15Z INFO HostContext] Well known directory 'Root': '/Users/vaibhavthapliyal/Desktop/Project/order_sys/actions-runner'
[2022-11-26 22:05:15Z INFO HostContext] Well known config file 'Service': '/Users/vaibhavthapliyal/Desktop/Project/order_sys/actions-runner/.service'
[2022-11-26 22:05:15Z INFO ConfigurationStore] ServiceConfigFilePath: /Users/vaibhavthapliyal/Desktop/Project/order_sys/actions-runner/.service
[2022-11-26 22:05:15Z INFO CommandSettings] Flag 'help': 'False'
[2022-11-26 22:05:15Z INFO CommandSettings] Flag 'version': 'False'
[2022-11-26 22:05:15Z INFO CommandSettings] Flag 'commit': 'False'
[2022-11-26 22:05:15Z INFO CommandSettings] Flag 'check': 'False'
[2022-11-26 22:05:15Z INFO CommandSettings] Command 'configure': 'False'
[2022-11-26 22:05:15Z INFO CommandSettings] Command 'remove': 'False'
[2022-11-26 22:05:15Z INFO CommandSettings] Command 'warmup': 'False'
[2022-11-26 22:05:15Z INFO ConfigurationManager] LoadSettings
[2022-11-26 22:05:15Z INFO ConfigurationStore] IsConfigured()
[2022-11-26 22:05:15Z INFO ConfigurationStore] IsConfigured: True
[2022-11-26 22:05:15Z INFO ConfigurationManager] Is configured: True
[2022-11-26 22:05:15Z INFO ConfigurationStore] Read setting file: 300 chars
[2022-11-26 22:05:15Z INFO ConfigurationManager] Settings Loaded
[2022-11-26 22:05:15Z INFO ConfigurationStore] IsServiceConfigured()
[2022-11-26 22:05:15Z INFO ConfigurationStore] IsServiceConfigured: False
[2022-11-26 22:05:15Z INFO CommandSettings] Command 'run': 'True'
[2022-11-26 22:05:15Z INFO ConfigurationStore] IsConfigured()
[2022-11-26 22:05:15Z INFO ConfigurationStore] IsConfigured: True
[2022-11-26 22:05:15Z INFO ConfigurationManager] Is configured: True
[2022-11-26 22:05:15Z INFO Runner] Could not parse the argument value '' for StartupType. Defaulting to Manual
[2022-11-26 22:05:15Z INFO Runner] Set runner startup type - Manual
[2022-11-26 22:05:15Z INFO CommandSettings] Flag 'once': 'False'
[2022-11-26 22:05:15Z INFO CommandSettings] Flag 'once': 'False'
[2022-11-26 22:05:15Z INFO Runner] RunAsync
[2022-11-26 22:05:15Z INFO ConfigurationManager] LoadSettings
[2022-11-26 22:05:15Z INFO ConfigurationStore] IsConfigured()
[2022-11-26 22:05:15Z INFO ConfigurationStore] IsConfigured: True
[2022-11-26 22:05:15Z INFO ConfigurationManager] Is configured: True
[2022-11-26 22:05:15Z INFO ConfigurationManager] Settings Loaded
[2022-11-26 22:05:15Z INFO MessageListener] {
  "AgentId": 2,
  "AgentName": "Vaibhavs-MBP",
  "PoolId": 1,
  "PoolName": "Default",
  "ServerUrl": "https://pipelines.actions.githubusercontent.com/dDLQk7xaO6WHGUHwPMP80uqDmMzjCrNl6yML0LvJPDoXXpjIXn",
  "GitHubUrl": "https://github.com/vaibhavthapliyalx/OrderSystem",
  "WorkFolder": "Project"
}
[2022-11-26 22:05:15Z INFO MessageListener] Loading Credentials
[2022-11-26 22:05:15Z INFO ConfigurationStore] HasCredentials()
[2022-11-26 22:05:15Z INFO ConfigurationStore] stored True
[2022-11-26 22:05:15Z INFO CredentialManager] GetCredentialProvider
[2022-11-26 22:05:15Z INFO CredentialManager] Creating type OAuth
[2022-11-26 22:05:15Z INFO CredentialManager] Creating credential type: OAuth
[2022-11-26 22:05:15Z INFO HostContext] Well known directory 'Bin': '/Users/vaibhavthapliyal/Desktop/Project/order_sys/actions-runner/bin'
[2022-11-26 22:05:15Z INFO HostContext] Well known directory 'Root': '/Users/vaibhavthapliyal/Desktop/Project/order_sys/actions-runner'
[2022-11-26 22:05:15Z INFO HostContext] Well known config file 'RSACredentials': '/Users/vaibhavthapliyal/Desktop/Project/order_sys/actions-runner/.credentials_rsaparams'
[2022-11-26 22:05:15Z INFO RSAFileKeyManager] Loading RSA key parameters from file /Users/vaibhavthapliyal/Desktop/Project/order_sys/actions-runner/.credentials_rsaparams
[2022-11-26 22:05:15Z INFO MessageListener] Attempt to create session.
[2022-11-26 22:05:15Z INFO MessageListener] Connecting to the Runner Server...
[2022-11-26 22:05:15Z INFO RunnerServer] EstablishVssConnection
[2022-11-26 22:05:15Z INFO RunnerServer] Establish connection with 100 seconds timeout.
[2022-11-26 22:05:15Z INFO GitHubActionsService] Starting operation Location.GetConnectionData
[2022-11-26 22:05:15Z INFO RunnerServer] EstablishVssConnection
[2022-11-26 22:05:15Z INFO RunnerServer] Establish connection with 60 seconds timeout.
[2022-11-26 22:05:15Z INFO GitHubActionsService] Starting operation Location.GetConnectionData
[2022-11-26 22:05:15Z INFO RunnerServer] EstablishVssConnection
[2022-11-26 22:05:15Z INFO RunnerServer] Establish connection with 60 seconds timeout.
[2022-11-26 22:05:15Z INFO GitHubActionsService] Starting operation Location.GetConnectionData
[2022-11-26 22:05:15Z INFO GitHubActionsService] Finished operation Location.GetConnectionData
[2022-11-26 22:05:16Z INFO GitHubActionsService] Finished operation Location.GetConnectionData
[2022-11-26 22:05:16Z INFO GitHubActionsService] Finished operation Location.GetConnectionData
[2022-11-26 22:05:17Z INFO MessageListener] VssConnection created
[2022-11-26 22:05:17Z INFO Terminal] WRITE LINE: 
[2022-11-26 22:05:17Z INFO Terminal] WRITE LINE: 
[2022-11-26 22:05:17Z INFO RSAFileKeyManager] Loading RSA key parameters from file /Users/vaibhavthapliyal/Desktop/Project/order_sys/actions-runner/.credentials_rsaparams
[2022-11-26 22:05:17Z INFO RSAFileKeyManager] Loading RSA key parameters from file /Users/vaibhavthapliyal/Desktop/Project/order_sys/actions-runner/.credentials_rsaparams
[2022-11-26 22:05:17Z INFO GitHubActionsService] AAD Correlation ID for this token request: Unknown
[2022-11-26 22:05:17Z INFO MessageListener] Session created.
[2022-11-26 22:05:17Z INFO Terminal] WRITE LINE: Current runner version: '2.299.1'
[2022-11-26 22:05:17Z INFO Terminal] WRITE LINE: 2022-11-26 22:05:17Z: Listening for Jobs
[2022-11-26 22:05:17Z INFO JobDispatcher] Set runner/worker IPC timeout to 30 seconds.
